Magma V2.26-4     Mon Jun  8 2026 23:17:22 on Biancas-MBP-4 [Seed = 2647677081]

+-------------------------------------------------------------------+
|       This copy of Magma has been made available through a        |
|                   generous initiative of the                      |
|                                                                   |
|                         Simons Foundation                         |
|                                                                   |
| covering U.S. Colleges, Universities, Nonprofit Research entities,|
|               and their students, faculty, and staff              |
+-------------------------------------------------------------------+

Type ? for help.  Type <Ctrl>-D to quit.

Loading startup file "/Users/bviray/.magmarc"

Loading file "ExampleClosedPoints-Genus2.m"
Degree 3 points with total ramification
*****************************************************************
=================================================================
9977.a.9977.1 3 2027
587
true 344573*$.1^3 - 344565*$.1^2 + 1033718*$.1 + 344572
=================================================================
19170.c.76680.1 3 35153
7056
true 49787139*$.1^3 - 49787121*$.1^2 - 248935656*$.1 + 846381328
=================================================================
21989.a.21989.1 3 3
4
true 20*$.1^3 - 81*$.1 + 80
=================================================================
45175.a.45175.1 3 3
1
true -2*$.1^3 + 9*$.1^2 + 6*$.1 - 4
*****************************************************************
*****************************************************************
Degree 5 points with total ramification
(Note: since this divisor of degree 5 is very ample, Theorem 4.1 implies that for each prime appearing in the last column of Table 1.1, there is a degree 5 closed point that is totally ramified at that prime. Below, we give explicit examples of such points for many of the primes in Table 1.1.)
*****************************************************************
*****************************************************************
=================================================================
--------------------------------------------------------------
9977.a.9977.1 5 2837
[ 174, 2275, 250, 1 ]
true 20702501*$.1^5 + 23869799*$.1^4 + 60281782*$.1^3 + 24295680*$.1^2 + 2896136*$.1 + 153328
=================================================================
11259.a.11259.1 5 232695223753
[ 111552578796, 179041236727, 128092208583, 1 ]
true 256446115589869229380236*$.1^5 + 95169835543440468212033*$.1^4 + 77901701631279955013970*$.1^3 + 56395001814197997003404*$.1^2 - 45171202990361191403622*$.1 - 53739547407784145296737
=================================================================
13072.a.13072.1 5 10301
[ 3221, 9508, 8583, 1 ]
true 180804130*$.1^5 + 664947786*$.1^4 + 1258770856*$.1^3 + 676123749*$.1^2 + 266767502*$.1 + 104792412
--------------------------------------------------------------
13072.a.13072.1 5 23625124907
[ 8217846849, 359312193, -5989233078, 1 ]
true 258210504076938500*$.1^5 + 12585721780483202608*$.1^4 + 243273952309349810358*$.1^3 + 381087892201449350098*$.1^2 + 557980690095289343394*$.1 + 238469933363467040487
=================================================================
15504.a.62016.1 5 11
[ 2, 5, -5, 1 ]
true 152*$.1^5 - 96*$.1^4 - 26*$.1^3 + 120*$.1^2 + 26*$.1 - 79
=================================================================
--------------------------------------------------------------
21989.a.21989.1 5 1685914369
[ 408124375, 141022628, 728193758, 1 ]
true 79549526432105537*$.1^5 + 460438176763247516*$.1^4 + 858442683730276532*$.1^3 - 1638664145151282916*$.1^2 - 3110925482683050817*$.1 + 4786112684266900256
=================================================================
22032.a.22032.1 5 3
[ 1, 2, 0, 1 ]
true 10*$.1^5 + 24*$.1^4 + 18*$.1^3 - 9*$.1^2 - 12*$.1 - 3
=================================================================
22185.a.22185.1 5 4903622393
[ 401737881, -2464376736, 1602706511, 1 ]
true 18219458090814041089*$.1^5 - 5940200924232605470*$.1^4 + 9126000845252569391*$.1^3 + 2221452978472725019*$.1^2 + 9847464772432183290*$.1 - 7867397806235749524
=================================================================
23033.a.23033.1 5 1277
[ 4, -716, 184, 1 ]
true 1537969*$.1^5 + 2033808*$.1^4 - 501663*$.1^3 - 1531809*$.1^2 + 50656*$.1 - 33904
--------------------------------------------------------------
23033.a.23033.1 5 19181
[ 1020, 8367, -1797, 1 ]
true 210020068*$.1^5 + 331229202*$.1^4 + 4618441*$.1^3 - 222930742*$.1^2 - 49013637*$.1 - 6350409
--------------------------------------------------------------
23033.a.23033.1 5 492731
[ 72975, 35148, 49892, 1 ]
true 3706145713*$.1^5 + 20331179200*$.1^4 + 37749284036*$.1^3 + 12465505971*$.1^2 - 18225790545*$.1 - 18465263539
=================================================================
23735.a.23735.1 5 225889
[ 72404, 32814, 205987, 1 ]
true -4307034382*$.1^5 + 2529077021*$.1^4 + 130931214184*$.1^3 + 26959435974*$.1^2 - 461490371858*$.1 + 58157661817
=================================================================
25707.a.77121.1 5 199
[ 88, 17, 173, 1 ]
true 868*$.1^5 + 9612*$.1^4 + 55342*$.1^3 + 29986*$.1^2 - 11995*$.1 + 213691
=================================================================
29636.a.474176.1 5 6719
[ 2685, 3810, 4772, 1 ]
true 43548301*$.1^5 - 54740156*$.1^4 - 46697442*$.1^3 + 30099053*$.1^2 - 7214191*$.1 - 75525177
=================================================================
31174.a.342914.1 5 1044737
[ 59321, 282778, 177467, 1 ]
true 159926794570*$.1^5 - 172790787037*$.1^4 + 1248791573710*$.1^3 + 1008468534059*$.1^2 + 450677685622*$.1 + 122635456595
=================================================================
--------------------------------------------------------------
31668.a.63336.1 5 11
[ -7, 3, 3, 1 ]
true 37*$.1^5 - 89*$.1^4 - 210*$.1^3 + 786*$.1^2 - 579*$.1 + 183
=================================================================
36114.a.36114.1 5 5
[ 0, 2, 1, 1 ]
true -44*$.1^5 + 55*$.1^4 + 20*$.1^3 - 10*$.1^2 - 1
--------------------------------------------------------------
36114.a.36114.1 5 1091
[ 177, 201, 85, 1 ]
true -484808*$.1^5 - 368357*$.1^4 + 668236*$.1^3 + 532475*$.1^2 - 73866*$.1 - 101212
=================================================================
--------------------------------------------------------------
41151.a.41151.1 5 41
[ 5, -20, 5, 1 ]
true 1201*$.1^5 + 5806*$.1^4 + 3663*$.1^3 - 1067*$.1^2 - 470*$.1 + 200
--------------------------------------------------------------
41151.a.41151.1 5 131
[ 37, 82, 37, 1 ]
true 20173*$.1^5 + 125858*$.1^4 + 216579*$.1^3 + 153429*$.1^2 + 57942*$.1 + 10952
--------------------------------------------------------------
41151.a.41151.1 5 293
[ 81, -66, 97, 1 ]
true 13069*$.1^5 + 37810*$.1^4 - 68701*$.1^3 - 92059*$.1^2 + 86886*$.1 + 61032
--------------------------------------------------------------
41151.a.41151.1 5 12647
[ 452, 5874, 9945, 1 ]
true 103511629*$.1^5 + 568012190*$.1^4 + 770963808*$.1^3 - 129492551*$.1^2 + 326792393*$.1 + 297730595
--------------------------------------------------------------
41151.a.41151.1 5 175891
[ 17416, -25872, 64216, 1 ]
true 2008081153*$.1^5 + 8006374060*$.1^4 + 1993482563*$.1^3 - 23614468077*$.1^2 + 13021991696*$.1 + 13887669248
=================================================================
--------------------------------------------------------------
43335.b.43335.1 5 17
[ 5, 14, 2, 1 ]
true 589*$.1^5 - 750*$.1^4 - 168*$.1^3 + 67*$.1^2 - 89*$.1 - 37
=================================================================
--------------------------------------------------------------
45175.a.45175.1 5 88339
[ 33621, 17541, 76523, 1 ]
true -1230746722*$.1^5 - 1025421427*$.1^4 + 20728123066*$.1^3 - 6668295055*$.1^2 + 43405461890*$.1 - 18697680228
--------------------------------------------------------------
45175.a.45175.1 5 5807603
[ 1596010, 2670159, 3963896, 1 ]
true -28518996341122*$.1^5 + 51464201154233*$.1^4 + 109254840537462*$.1^3 - 40746526980556*$.1^2 + 112082051435772*$.1 - 49684662416548
=================================================================
47449.a.47449.1 5 431
[ 82, 260, 318, 1 ]
true 202801*$.1^5 - 141844*$.1^4 + 18335*$.1^3 + 217909*$.1^2 + 34156*$.1 + 121296
--------------------------------------------------------------
47449.a.47449.1 5 2939
[ 1391, 66, 2105, 1 ]
true 13069*$.1^5 + 537622*$.1^4 + 9505575*$.1^3 - 7547053*$.1^2 - 1941098*$.1 + 10235668
--------------------------------------------------------------
47449.a.47449.1 5 880057
[ 388978, 189156, 555964, 1 ]
true 107339977009*$.1^5 + 298346277992*$.1^4 + 210167434539*$.1^3 - 350721627719*$.1^2 + 283674162524*$.1 + 763007622748
==================================================================
Examples that take longer to compute
==================================================================


=================================================================
43335.b.43335.1 5 6583714939
[ 2367535954, 4874089266, 1471492991, 1 ]
true 71270238518809256269*$.1^5 - 73302987553112707968*$.1^4 - 48223769335420212510*$.1^3 + 16179967584025553345*$.1^2 - 12759358556588205369*$.1 - 12101101361169068359
true 259053751330079932270522425601*$.1^5 + 23945194413649873365050334376*$.1^4 - 11325338054146107303169968155*$.1^3 + 264486716568733656187789494426*$.1^2 + 199936128114542657777890973164*$.1 + 38832535777891839664637976616
=================================================================
--------------------------------------------------------------
15504.a.62016.1 5 6451166627922673
[ 2618482516072047, 3279846604874667, 458925544795740, 1 ]
true 64544362509047279975560670165336*$.1^5 + 16999501871087910098250877896040*$.1^4 - 52822031404987619874714949407654*$.1^3 + 3939219297457036197649569134628*$.1^2 + 10249360767374830710782356039698*$.1 - 7488288653973198159860661213009
=================================================================
--------------------------------------------------------------
22032.a.22032.1 5 7054572663424903
[ 1727224706854558, 3432888446332284, 6224466745982698, 1 ]
true 23569446169923365449783481313314*$.1^5 + 70856371301369468977951258359304*$.1^4 + 130889540842671928133178385072912*$.1^3 - 23420948503009792905274560468513*$.1^2 - 35576218442284082219709459668228*$.1 - 47693901835750878520772211485296
=================================================================
--------------------------------------------------------------
45175.a.45175.1 5 95190432083453372821
[ 22703186925991801100, 26444730203561245261, 75134577482832821868, 1 ]
true -2797295022156577520876118528835979832482*$.1^5 + 3588847842318755248118104461301434088121*$.1^4 + 22239134842036160792242989048442316421806*$.1^3 - 13851240209027759166526952892036510664908*$.1^2 + 42930009168959676765848393727601173549984*$.1 - 17451048897167951743151205539469418238272
=================================================================
--------------------------------------------------------------
25707.a.77121.1 5 28882395713187018090626537
[ -26991922109959000019466996, 1361431150812706334745005, 91117064058609159889554, 1 ]
