Magma V2.29-7     Fri Jun  5 2026 14:00:03 on Bianca-Virays-iMac [Seed = 3348010285]

+-------------------------------------------------------------------+
|       This copy of Magma has been made available through a        |
|                   generous initiative of the                      |
|                                                                   |
|                         Simons Foundation                         |
|                                                                   |
| covering U.S. Colleges, Universities, Nonprofit Research entities,|
|               and their students, faculty, and staff              |
+-------------------------------------------------------------------+

Type ? for help.  Type <Ctrl>-D to quit.

Loading file "Genus2OddDegreeExamples.m"
Loading "Genus2OddDegreeTotallyRamifiedPrimes.m"
===========================================================
Computing totally ramified primes in D3 and KC + D3 for several genus 2 curves
============================================================
7676.a.7676.1
-----------------------------------
<"7676.a.7676.1", 7676, [
    [ -1, -4, -2, 2, -6, 1, -1 ],
    [ 0, 1, 1 ]
], [], [ 316004230293431 ]>
9977.a.9977.1
-----------------------------------
<"9977.a.9977.1", 9977, [
    [ -1, -5, -9, -2, -5, 0, -1 ],
    [ 1, 0, 1 ]
], [ 2027 ], [ 2837 ]>
11259.a.11259.1
-----------------------------------
<"11259.a.11259.1", 11259, [
    [ -1, 1, -2, 5, -6, 7, -8 ],
    [ 1, 1 ]
], [], [ 232695223753 ]>
13072.a.13072.1
-----------------------------------
<"13072.a.13072.1", 13072, [
    [ -1, -2, 0, 2, -1, -2, -1 ],
    [ 1 ]
], [], [ 10301, 23625124907 ]>
15504.a.62016.1
-----------------------------------
<"15504.a.62016.1", 15504, [
    [ -1, 3, -5, 1, 6, -2, -3 ],
    [ 1 ]
], [], [ 11, 6451166627922673 ]>
19170.c.76680.1
-----------------------------------
<"19170.c.76680.1", 19170, [
    [ -68, -82, -30, 8, 1, -3, -1 ],
    [ 0, 1, 0, 1 ]
], [ 35153 ], []>
21989.a.21989.1
-----------------------------------
<"21989.a.21989.1", 21989, [
    [ -16, 33, -17, -8, 8, 0, -1 ],
    [ 0, 0, 1 ]
], [ 3 ], [ 1685914369 ]>
22032.a.22032.1
-----------------------------------
<"22032.a.22032.1", 22032, [
    [ -1, 0, 1, 2, 0, -2, -1 ],
    [ 1 ]
], [], [ 7054572663424903 ]>
22185.a.22185.1
-----------------------------------
<"22185.a.22185.1", 22185, [
    [ -1, 1, 0, 1, -3, -3, -1 ],
    [ 1, 1, 0, 1 ]
], [], [ 4903622393 ]>
23033.a.23033.1
-----------------------------------
<"23033.a.23033.1", 23033, [
    [ -1, 0, 1, 0, -1, -1, -1 ],
    [ 1, 1, 0, 1 ]
], [], [ 1277, 19181, 492731 ]>
23735.a.23735.1
-----------------------------------
<"23735.a.23735.1", 23735, [
    [ -1, 12, -58, 46, 0, -9, 2 ],
    [ 1, 1 ]
], [], [ 225889 ]>
25707.a.77121.1
-----------------------------------
<"25707.a.77121.1", 25707, [
    [ -12, 7, -6, -5, 1, -1, -1 ],
    [ 0, 1, 0, 1 ]
], [], [ 199, 28882395713187018090626537 ]>
29636.a.474176.1
-----------------------------------
<"29636.a.474176.1", 29636, [
    [ -1, 3, -5, 0, -1, 2, -1 ],
    [ 1, 1, 0, 1 ]
], [], [ 6719 ]>
31174.a.342914.1
-----------------------------------
<"31174.a.342914.1", 31174, [
    [ -6, -20, -4, 17, -14, 4, -1 ],
    [ 0, 1, 1 ]
], [], [ 1044737, 553763689903, 10546179748889 ]>
31668.a.63336.1
-----------------------------------
<"31668.a.63336.1", 31668, [
    [ -3, 12, -18, 5, 4, -3, -1 ],
    [ 0, 1, 1 ]
], [], [ 11 ]>
36114.a.36114.1
-----------------------------------
<"36114.a.36114.1", 36114, [
    [ -1, 2, 0, -5, 5, -15, 12 ],
    [ 1, 1 ]
], [], [ 5, 1091 ]>
41151.a.41151.1
-----------------------------------
<"41151.a.41151.1", 41151, [
    [ -4, -17, -20, 1, 9, -1, -1 ],
    [ 1, 1, 0, 1 ]
], [], [ 41, 131, 293, 12647, 175891 ]>
43335.b.43335.1
-----------------------------------
<"43335.b.43335.1", 43335, [
    [ -1, 1, -2, -4, 4, 0, -1 ],
    [ 1, 1, 0, 1 ]
], [], [ 17, 6583714939 ]>
45175.a.45175.1
-----------------------------------
<"45175.a.45175.1", 45175, [
    [ -1, 0, 12, -28, 18, -9, 2 ],
    [ 1, 1 ]
], [ 3 ], [ 88339, 5807603, 95190432083453372821 ]>
47449.a.47449.1
-----------------------------------
<"47449.a.47449.1", 47449, [
    [ -1, 0, 1, -3, 0, 1, -1 ],
    [ 1, 1, 0, 1 ]
], [], [ 431, 2939, 880057 ]>
=========================================================
[
    <"test", 29, [
        [ 1, 0, 0, 0, 0, 0 ],
        [ 1, 0, 0 ]
    ], [ 3 ], [ 5 ]>,
    <"7676.a.7676.1", 7676, [
        [ -1, -4, -2, 2, -6, 1, -1 ],
        [ 0, 1, 1 ]
    ], [], [ 316004230293431 ]>,
    <"9977.a.9977.1", 9977, [
        [ -1, -5, -9, -2, -5, 0, -1 ],
        [ 1, 0, 1 ]
    ], [ 2027 ], [ 2837 ]>,
    <"11259.a.11259.1", 11259, [
        [ -1, 1, -2, 5, -6, 7, -8 ],
        [ 1, 1 ]
    ], [], [ 232695223753 ]>,
    <"13072.a.13072.1", 13072, [
        [ -1, -2, 0, 2, -1, -2, -1 ],
        [ 1 ]
    ], [], [ 10301, 23625124907 ]>,
    <"15504.a.62016.1", 15504, [
        [ -1, 3, -5, 1, 6, -2, -3 ],
        [ 1 ]
    ], [], [ 11, 6451166627922673 ]>,
    <"19170.c.76680.1", 19170, [
        [ -68, -82, -30, 8, 1, -3, -1 ],
        [ 0, 1, 0, 1 ]
    ], [ 35153 ], []>,
    <"21989.a.21989.1", 21989, [
        [ -16, 33, -17, -8, 8, 0, -1 ],
        [ 0, 0, 1 ]
    ], [ 3 ], [ 1685914369 ]>,
    <"22032.a.22032.1", 22032, [
        [ -1, 0, 1, 2, 0, -2, -1 ],
        [ 1 ]
    ], [], [ 7054572663424903 ]>,
    <"22185.a.22185.1", 22185, [
        [ -1, 1, 0, 1, -3, -3, -1 ],
        [ 1, 1, 0, 1 ]
    ], [], [ 4903622393 ]>,
    <"23033.a.23033.1", 23033, [
        [ -1, 0, 1, 0, -1, -1, -1 ],
        [ 1, 1, 0, 1 ]
    ], [], [ 1277, 19181, 492731 ]>,
    <"23735.a.23735.1", 23735, [
        [ -1, 12, -58, 46, 0, -9, 2 ],
        [ 1, 1 ]
    ], [], [ 225889 ]>,
    <"25707.a.77121.1", 25707, [
        [ -12, 7, -6, -5, 1, -1, -1 ],
        [ 0, 1, 0, 1 ]
    ], [], [ 199, 28882395713187018090626537 ]>,
    <"29636.a.474176.1", 29636, [
        [ -1, 3, -5, 0, -1, 2, -1 ],
        [ 1, 1, 0, 1 ]
    ], [], [ 6719 ]>,
    <"31174.a.342914.1", 31174, [
        [ -6, -20, -4, 17, -14, 4, -1 ],
        [ 0, 1, 1 ]
    ], [], [ 1044737, 553763689903, 10546179748889 ]>,
    <"31668.a.63336.1", 31668, [
        [ -3, 12, -18, 5, 4, -3, -1 ],
        [ 0, 1, 1 ]
    ], [], [ 11 ]>,
    <"36114.a.36114.1", 36114, [
        [ -1, 2, 0, -5, 5, -15, 12 ],
        [ 1, 1 ]
    ], [], [ 5, 1091 ]>,
    <"41151.a.41151.1", 41151, [
        [ -4, -17, -20, 1, 9, -1, -1 ],
        [ 1, 1, 0, 1 ]
    ], [], [ 41, 131, 293, 12647, 175891 ]>,
    <"43335.b.43335.1", 43335, [
        [ -1, 1, -2, -4, 4, 0, -1 ],
        [ 1, 1, 0, 1 ]
    ], [], [ 17, 6583714939 ]>,
    <"45175.a.45175.1", 45175, [
        [ -1, 0, 12, -28, 18, -9, 2 ],
        [ 1, 1 ]
    ], [ 3 ], [ 88339, 5807603, 95190432083453372821 ]>,
    <"47449.a.47449.1", 47449, [
        [ -1, 0, 1, -3, 0, 1, -1 ],
        [ 1, 1, 0, 1 ]
    ], [], [ 431, 2939, 880057 ]>
]

Total time: 14.820 seconds, Total memory usage: 32.09MB
